<?xml version="1.0" encoding="UTF-8"?>
<testsuite name="LasagnaTest" tests="10" skipped="0" failures="10" errors="0" timestamp="2023-10-09T19:14:30" hostname="Jims-Mac-mini.local" time="0.149">
  <properties/>
  <testcase name="The totalTimeInMinutes method calculates the correct value for multiple layers" classname="LasagnaTest" time="0.021">
    <failure message="java.lang.UnsupportedOperationException: Please implement the totalTimeInMinutes(int, int) method" type="java.lang.UnsupportedOperationException">java.lang.UnsupportedOperationException: Please implement the totalTimeInMinutes(int, int) method
	at utils.Lasagna.totalTimeInMinutes(Lasagna.java:38)
	at LasagnaTest.total_time_in_minutes_for_multiple_layers(LasagnaTest.java:110)
	at java.base/java.lang.reflect.Method.invoke(Method.java:580)
	at java.base/java.util.ArrayList.forEach(ArrayList.java:1596)
	at java.base/java.util.ArrayList.forEach(ArrayList.java:1596)
</failure>
  </testcase>
  <testcase name="The totalTimeInMinutes method calculates the correct value for single layer" classname="LasagnaTest" time="0.001">
    <failure message="java.lang.UnsupportedOperationException: Please implement the totalTimeInMinutes(int, int) method" type="java.lang.UnsupportedOperationException">java.lang.UnsupportedOperationException: Please implement the totalTimeInMinutes(int, int) method
	at utils.Lasagna.totalTimeInMinutes(Lasagna.java:38)
	at LasagnaTest.total_time_in_minutes_for_one_layer(LasagnaTest.java:103)
	at java.base/java.lang.reflect.Method.invoke(Method.java:580)
	at java.base/java.util.ArrayList.forEach(ArrayList.java:1596)
	at java.base/java.util.ArrayList.forEach(ArrayList.java:1596)
</failure>
  </testcase>
  <testcase name="The remainingMinutesInOven method calculates and returns the correct value" classname="LasagnaTest" time="0.001">
    <failure message="java.lang.UnsupportedOperationException: Please implement the remainingMinutesInOven(int) method" type="java.lang.UnsupportedOperationException">java.lang.UnsupportedOperationException: Please implement the remainingMinutesInOven(int) method
	at utils.Lasagna.remainingMinutesInOven(Lasagna.java:22)
	at LasagnaTest.remaining_minutes_in_oven(LasagnaTest.java:52)
	at java.base/java.lang.reflect.Method.invoke(Method.java:580)
	at java.base/java.util.ArrayList.forEach(ArrayList.java:1596)
	at java.base/java.util.ArrayList.forEach(ArrayList.java:1596)
</failure>
  </testcase>
  <testcase name="The preparationTimeInMinutes method calculates the correct value for single layer" classname="LasagnaTest" time="0.001">
    <failure message="java.lang.UnsupportedOperationException: Please implement the preparationTimeInMinutes(int) method" type="java.lang.UnsupportedOperationException">java.lang.UnsupportedOperationException: Please implement the preparationTimeInMinutes(int) method
	at utils.Lasagna.preparationTimeInMinutes(Lasagna.java:30)
	at LasagnaTest.preparation_time_in_minutes_for_one_layer(LasagnaTest.java:74)
	at java.base/java.lang.reflect.Method.invoke(Method.java:580)
	at java.base/java.util.ArrayList.forEach(ArrayList.java:1596)
	at java.base/java.util.ArrayList.forEach(ArrayList.java:1596)
</failure>
  </testcase>
  <testcase name="The expectedMinutesInOven method returns the correct value" classname="LasagnaTest" time="0.001">
    <failure message="java.lang.UnsupportedOperationException: Please implement the expectedMinutesInOven() method" type="java.lang.UnsupportedOperationException">java.lang.UnsupportedOperationException: Please implement the expectedMinutesInOven() method
	at utils.Lasagna.expectedMinutesInOven(Lasagna.java:14)
	at LasagnaTest.expected_minutes_in_oven(LasagnaTest.java:30)
	at java.base/java.lang.reflect.Method.invoke(Method.java:580)
	at java.base/java.util.ArrayList.forEach(ArrayList.java:1596)
	at java.base/java.util.ArrayList.forEach(ArrayList.java:1596)
</failure>
  </testcase>
  <testcase name="Implemented the totalTimeInMinutes method" classname="LasagnaTest" time="0.112">
    <failure message="java.lang.AssertionError: Method totalTimeInMinutes must be created" type="java.lang.AssertionError">java.lang.AssertionError: Method totalTimeInMinutes must be created
	at LasagnaTest.implemented_total_time_in_minutes(LasagnaTest.java:90)
	at java.base/java.lang.reflect.Method.invoke(Method.java:580)
	at java.base/java.util.ArrayList.forEach(ArrayList.java:1596)
	at java.base/java.util.ArrayList.forEach(ArrayList.java:1596)
</failure>
  </testcase>
  <testcase name="Implemented the remainingMinutesInOven method" classname="LasagnaTest" time="0.001">
    <failure message="java.lang.AssertionError: Method remainingMinutesInOven must be created" type="java.lang.AssertionError">java.lang.AssertionError: Method remainingMinutesInOven must be created
	at LasagnaTest.implemented_remaining_minutes_in_oven(LasagnaTest.java:39)
	at java.base/java.lang.reflect.Method.invoke(Method.java:580)
	at java.base/java.util.ArrayList.forEach(ArrayList.java:1596)
	at java.base/java.util.ArrayList.forEach(ArrayList.java:1596)
</failure>
  </testcase>
  <testcase name="The preparationTimeInMinutes method calculates the correct value for multiple layers" classname="LasagnaTest" time="0.002">
    <failure message="java.lang.UnsupportedOperationException: Please implement the preparationTimeInMinutes(int) method" type="java.lang.UnsupportedOperationException">java.lang.UnsupportedOperationException: Please implement the preparationTimeInMinutes(int) method
	at utils.Lasagna.preparationTimeInMinutes(Lasagna.java:30)
	at LasagnaTest.preparation_time_in_minutes_for_multiple_layers(LasagnaTest.java:81)
	at java.base/java.lang.reflect.Method.invoke(Method.java:580)
	at java.base/java.util.ArrayList.forEach(ArrayList.java:1596)
	at java.base/java.util.ArrayList.forEach(ArrayList.java:1596)
</failure>
  </testcase>
  <testcase name="Implemented the expectedMinutesInOven method" classname="LasagnaTest" time="0.001">
    <failure message="java.lang.AssertionError: Method expectedMinutesInOven must be created" type="java.lang.AssertionError">java.lang.AssertionError: Method expectedMinutesInOven must be created
	at LasagnaTest.implemented_expected_minutes_in_oven(LasagnaTest.java:17)
	at java.base/java.lang.reflect.Method.invoke(Method.java:580)
	at java.base/java.util.ArrayList.forEach(ArrayList.java:1596)
	at java.base/java.util.ArrayList.forEach(ArrayList.java:1596)
</failure>
  </testcase>
  <testcase name="Implemented the preparationTimeInMinutes method" classname="LasagnaTest" time="0.001">
    <failure message="java.lang.AssertionError: Method preparationTimeInMinutes must be created" type="java.lang.AssertionError">java.lang.AssertionError: Method preparationTimeInMinutes must be created
	at LasagnaTest.implemented_preparation_time_in_minutes(LasagnaTest.java:61)
	at java.base/java.lang.reflect.Method.invoke(Method.java:580)
	at java.base/java.util.ArrayList.forEach(ArrayList.java:1596)
	at java.base/java.util.ArrayList.forEach(ArrayList.java:1596)
</failure>
  </testcase>
  <system-out><![CDATA[]]></system-out>
  <system-err><![CDATA[]]></system-err>
</testsuite>
